<?xml version="1.0" encoding="UTF-8"?>
<testng-results ignored="0" total="2" passed="2" failed="0" skipped="0">
  <reporter-output>
  </reporter-output>
  <suite started-at="2025-01-30T07:50:48 IST" name="Default suite" finished-at="2025-01-30T07:51:32 IST" duration-ms="44026">
    <groups>
    </groups>
    <test started-at="2025-01-30T07:50:48 IST" name="Default test" finished-at="2025-01-30T07:51:32 IST" duration-ms="44026">
      <class name="Lovya.triple.analyticsengine">
        <test-method is-config="true" signature="setup()[pri:0, instance:Lovya.triple.analyticsengine@1de5f259]" started-at="2025-01-30T07:50:48 IST" name="setup" finished-at="2025-01-30T07:50:50 IST" duration-ms="1463" status="PASS">
          <reporter-output>
          </reporter-output>
        </test-method> <!-- setup -->
        <test-method signature="login()[pri:1, instance:Lovya.triple.analyticsengine@1de5f259]" started-at="2025-01-30T07:50:50 IST" name="login" finished-at="2025-01-30T07:51:09 IST" duration-ms="19452" status="PASS">
          <reporter-output>
          </reporter-output>
        </test-method> <!-- login -->
        <test-method signature="analyticsEngine()[pri:2, instance:Lovya.triple.analyticsengine@1de5f259]" started-at="2025-01-30T07:51:09 IST" name="analyticsEngine" finished-at="2025-01-30T07:51:32 IST" duration-ms="22846" status="PASS">
          <reporter-output>
          </reporter-output>
        </test-method> <!-- analyticsEngine -->
        <test-method is-config="true" signature="tearDown()[pri:0, instance:Lovya.triple.analyticsengine@1de5f259]" started-at="2025-01-30T07:51:32 IST" name="tearDown" finished-at="2025-01-30T07:51:32 IST" duration-ms="217" status="PASS">
          <reporter-output>
          </reporter-output>
        </test-method> <!-- tearDown -->
      </class> <!-- Lovya.triple.analyticsengine -->
    </test> <!-- Default test -->
  </suite> <!-- Default suite -->
</testng-results>
